CPU Reset (CPU 0)
EAX=00000000 EBX=00000000 ECX=00000000 EDX=00000000
ESI=00000000 EDI=00000000 EBP=00000000 ESP=00000000
EIP=00000000 EFL=00000000 [-------] CPL=0 II=0 A20=0 SMM=0 HLT=0
ES =0000 00000000 00000000 00000000
CS =0000 00000000 00000000 00000000
SS =0000 00000000 00000000 00000000
DS =0000 00000000 00000000 00000000
FS =0000 00000000 00000000 00000000
GS =0000 00000000 00000000 00000000
LDT=0000 00000000 00000000 00000000
TR =0000 00000000 00000000 00000000
GDT=     00000000 00000000
IDT=     00000000 00000000
CR0=00000000 CR2=00000000 CR3=00000000 CR4=00000000
DR0=00000000 DR1=00000000 DR2=00000000 DR3=00000000 
DR6=00000000 DR7=00000000
CCS=00000000 CCD=00000000 CCO=DYNAMIC 
EFER=0000000000000000
FCW=0000 FSW=0000 [ST=0] FTW=ff MXCSR=00000000
FPR0=0000000000000000 0000 FPR1=0000000000000000 0000
FPR2=0000000000000000 0000 FPR3=0000000000000000 0000
FPR4=0000000000000000 0000 FPR5=0000000000000000 0000
FPR6=0000000000000000 0000 FPR7=0000000000000000 0000
XMM00=00000000000000000000000000000000 XMM01=00000000000000000000000000000000
XMM02=00000000000000000000000000000000 XMM03=00000000000000000000000000000000
XMM04=00000000000000000000000000000000 XMM05=00000000000000000000000000000000
XMM06=00000000000000000000000000000000 XMM07=00000000000000000000000000000000
CPU Reset (CPU 0)
EAX=00000000 EBX=00000000 ECX=00000000 EDX=00000663
ESI=00000000 EDI=00000000 EBP=00000000 ESP=00000000
EIP=0000fff0 EFL=00000002 [-------] CPL=0 II=0 A20=1 SMM=0 HLT=0
ES =0000 00000000 0000ffff 00009300
CS =f000 ffff0000 0000ffff 00009b00
SS =0000 00000000 0000ffff 00009300
DS =0000 00000000 0000ffff 00009300
FS =0000 00000000 0000ffff 00009300
GS =0000 00000000 0000ffff 00009300
LDT=0000 00000000 0000ffff 00008200
TR =0000 00000000 0000ffff 00008b00
GDT=     00000000 0000ffff
IDT=     00000000 0000ffff
CR0=60000010 CR2=00000000 CR3=00000000 CR4=00000000
DR0=00000000 DR1=00000000 DR2=00000000 DR3=00000000 
DR6=ffff0ff0 DR7=00000400
CCS=00000000 CCD=00000000 CCO=DYNAMIC 
EFER=0000000000000000
FCW=037f FSW=0000 [ST=0] FTW=00 MXCSR=00001f80
FPR0=0000000000000000 0000 FPR1=0000000000000000 0000
FPR2=0000000000000000 0000 FPR3=0000000000000000 0000
FPR4=0000000000000000 0000 FPR5=0000000000000000 0000
FPR6=0000000000000000 0000 FPR7=0000000000000000 0000
XMM00=00000000000000000000000000000000 XMM01=00000000000000000000000000000000
XMM02=00000000000000000000000000000000 XMM03=00000000000000000000000000000000
XMM04=00000000000000000000000000000000 XMM05=00000000000000000000000000000000
XMM06=00000000000000000000000000000000 XMM07=00000000000000000000000000000000
Invalid access at addr 0xC0000940, size 4, region '(null)', reason: rejected
Invalid access at addr 0xC0000944, size 4, region '(null)', reason: rejected
Invalid access at addr 0xC0000948, size 4, region '(null)', reason: rejected
Invalid access at addr 0xC000094C, size 4, region '(null)', reason: rejected
Invalid access at addr 0xC0000950, size 4, region '(null)', reason: rejected
Invalid access at addr 0xC0000954, size 4, region '(null)', reason: rejected
Invalid access at addr 0xC0000958, size 4, region '(null)', reason: rejected
Invalid access at addr 0xC000095C, size 4, region '(null)', reason: rejected
Invalid access at addr 0xC0000960, size 4, region '(null)', reason: rejected
Invalid access at addr 0xC0000964, size 4, region '(null)', reason: rejected
Invalid access at addr 0xC0000968, size 4, region '(null)', reason: rejected
Invalid access at addr 0xC000096C, size 4, region '(null)', reason: rejected
Invalid access at addr 0xC0000970, size 4, region '(null)', reason: rejected
Invalid access at addr 0xC0000974, size 4, region '(null)', reason: rejected
Invalid access at addr 0xC0000978, size 4, region '(null)', reason: rejected
Invalid access at addr 0xC000097C, size 4, region '(null)', reason: rejected
Invalid access at addr 0xC0000980, size 4, region '(null)', reason: rejected
Invalid access at addr 0xC0000984, size 4, region '(null)', reason: rejected
Invalid access at addr 0xC0000988, size 4, region '(null)', reason: rejected
Invalid access at addr 0xC000098C, size 4, region '(null)', reason: rejected
Invalid access at addr 0xC0000990, size 4, region '(null)', reason: rejected
Invalid access at addr 0xC0000994, size 4, region '(null)', reason: rejected
Invalid access at addr 0xC0000998, size 4, region '(null)', reason: rejected
Invalid access at addr 0xC000099C, size 4, region '(null)', reason: rejected
Invalid access at addr 0xC00009A0, size 4, region '(null)', reason: rejected
Invalid access at addr 0xC00009A4, size 4, region '(null)', reason: rejected
Invalid access at addr 0xC00009A8, size 4, region '(null)', reason: rejected
Invalid access at addr 0xC00009AC, size 4, region '(null)', reason: rejected
Invalid access at addr 0xC00009B0, size 4, region '(null)', reason: rejected
Invalid access at addr 0xC00009B4, size 4, region '(null)', reason: rejected
Invalid access at addr 0xC00009B8, size 4, region '(null)', reason: rejected
Invalid access at addr 0xC00009BC, size 4, region '(null)', reason: rejected
Invalid access at addr 0xC0000981, size 1, region '(null)', reason: rejected
Invalid access at addr 0xC0000000, size 4, region '(null)', reason: rejected
Invalid access at addr 0xC0000004, size 4, region '(null)', reason: rejected
Invalid access at addr 0xC0000008, size 4, region '(null)', reason: rejected
Invalid access at addr 0xC000000C, size 4, region '(null)', reason: rejected
Invalid access at addr 0xC0000010, size 4, region '(null)', reason: rejected
Invalid access at addr 0xC0000014, size 4, region '(null)', reason: rejected
Invalid access at addr 0xC0000018, size 4, region '(null)', reason: rejected
Invalid access at addr 0xC000001C, size 4, region '(null)', reason: rejected
Invalid access at addr 0xC0000020, size 4, region '(null)', reason: rejected
Invalid access at addr 0xC0000024, size 4, region '(null)', reason: rejected
Invalid access at addr 0xC0000028, size 4, region '(null)', reason: rejected
Invalid access at addr 0xC000002C, size 4, region '(null)', reason: rejected
Invalid access at addr 0xC0000030, size 4, region '(null)', reason: rejected
Invalid access at addr 0xC0000034, size 4, region '(null)', reason: rejected
Invalid access at addr 0xC0000038, size 4, region '(null)', reason: rejected
Invalid access at addr 0xC000003C, size 4, region '(null)', reason: rejected
Invalid access at addr 0xC000003C, size 1, region '(null)', reason: rejected
Invalid access at addr 0xC0000955, size 1, region '(null)', reason: rejected
Invalid access at addr 0xC0000997, size 1, region '(null)', reason: rejected
Invalid access at addr 0xC0000080, size 4, region '(null)', reason: rejected
Invalid access at addr 0xC0000084, size 4, region '(null)', reason: rejected
Invalid access at addr 0xC0000088, size 4, region '(null)', reason: rejected
Invalid access at addr 0xC000008C, size 4, region '(null)', reason: rejected
Invalid access at addr 0xC0000090, size 4, region '(null)', reason: rejected
Invalid access at addr 0xC0000094, size 4, region '(null)', reason: rejected
Invalid access at addr 0xC0000098, size 4, region '(null)', reason: rejected
Invalid access at addr 0xC000009C, size 4, region '(null)', reason: rejected
Invalid access at addr 0xC00000A0, size 4, region '(null)', reason: rejected
Invalid access at addr 0xC00000A4, size 4, region '(null)', reason: rejected
Invalid access at addr 0xC00000A8, size 4, region '(null)', reason: rejected
Invalid access at addr 0xC00000AC, size 4, region '(null)', reason: rejected
Invalid access at addr 0xC00000B0, size 4, region '(null)', reason: rejected
Invalid access at addr 0xC00000B4, size 4, region '(null)', reason: rejected
Invalid access at addr 0xC00000B8, size 4, region '(null)', reason: rejected
Invalid access at addr 0xC00000BC, size 4, region '(null)', reason: rejected
Invalid access at addr 0xC00000A6, size 1, region '(null)', reason: rejected
SMM: enter
EAX=00000001 EBX=00000000 ECX=02000000 EDX=02000628
ESI=0000000b EDI=02000000 EBP=000f2c72 ESP=00006d98
EIP=000ebaef EFL=00000002 [-------] CPL=0 II=0 A20=1 SMM=0 HLT=0
ES =0010 00000000 ffffffff 00cf9300 DPL=0 DS   [-WA]
CS =0008 00000000 ffffffff 00cf9b00 DPL=0 CS32 [-RA]
SS =0010 00000000 ffffffff 00cf9300 DPL=0 DS   [-WA]
DS =0010 00000000 ffffffff 00cf9300 DPL=0 DS   [-WA]
FS =0010 00000000 ffffffff 00cf9300 DPL=0 DS   [-WA]
GS =0010 00000000 ffffffff 00cf9300 DPL=0 DS   [-WA]
LDT=0000 00000000 0000ffff 00008200 DPL=0 LDT
TR =0000 00000000 0000ffff 00008b00 DPL=0 TSS32-busy
GDT=     000f6280 00000037
IDT=     000f62be 00000000
CR0=00000011 CR2=00000000 CR3=00000000 CR4=00000000
DR0=00000000 DR1=00000000 DR2=00000000 DR3=00000000 
DR6=ffff0ff0 DR7=00000400
CCS=00000080 CCD=00000001 CCO=LOGICB  
EFER=0000000000000000
SMM: after RSM
EAX=00000001 EBX=00000000 ECX=02000000 EDX=02000628
ESI=0000000b EDI=02000000 EBP=000f2c72 ESP=00006d98
EIP=000ebaef EFL=00000002 [-------] CPL=0 II=0 A20=1 SMM=0 HLT=0
ES =0010 00000000 ffffffff 00c09300 DPL=0 DS   [-WA]
CS =0008 00000000 ffffffff 00c09b00 DPL=0 CS32 [-RA]
SS =0010 00000000 ffffffff 00c09300 DPL=0 DS   [-WA]
DS =0010 00000000 ffffffff 00c09300 DPL=0 DS   [-WA]
FS =0010 00000000 ffffffff 00c09300 DPL=0 DS   [-WA]
GS =0010 00000000 ffffffff 00c09300 DPL=0 DS   [-WA]
LDT=0000 00000000 0000ffff 00008200 DPL=0 LDT
TR =0000 00000000 0000ffff 00008b00 DPL=0 TSS32-busy
GDT=     000f6280 00000037
IDT=     000f62be 00000000
CR0=00000011 CR2=00000000 CR3=00000000 CR4=00000000
DR0=00000000 DR1=00000000 DR2=00000000 DR3=00000000 
DR6=ffff0ff0 DR7=00000400
CCS=00000000 CCD=00000000 CCO=EFLAGS  
EFER=0000000000000000
Invalid access at addr 0xFEBB0000, size 1, region '(null)', reason: rejected
Invalid access at addr 0x0, size 1, region '(null)', reason: rejected
Invalid access at addr 0xFEBB0001, size 1, region '(null)', reason: rejected
Invalid access at addr 0x1, size 1, region '(null)', reason: rejected
Invalid access at addr 0xFEBB0002, size 1, region '(null)', reason: rejected
Invalid access at addr 0x2, size 1, region '(null)', reason: rejected
Invalid access at addr 0xFEBB0003, size 1, region '(null)', reason: rejected
Invalid access at addr 0x3, size 1, region '(null)', reason: rejected
Invalid access at addr 0xFEBB0004, size 1, region '(null)', reason: rejected
Invalid access at addr 0x4, size 1, region '(null)', reason: rejected
Invalid access at addr 0xFEBB0005, size 1, region '(null)', reason: rejected
Invalid access at addr 0x5, size 1, region '(null)', reason: rejected
Invalid access at addr 0xFEBB0006, size 1, region '(null)', reason: rejected
Invalid access at addr 0x6, size 1, region '(null)', reason: rejected
Invalid access at addr 0xFEBB0007, size 1, region '(null)', reason: rejected
Invalid access at addr 0x7, size 1, region '(null)', reason: rejected
Invalid access at addr 0xFEBB0008, size 1, region '(null)', reason: rejected
Invalid access at addr 0x8, size 1, region '(null)', reason: rejected
Invalid access at addr 0xFEBB0009, size 1, region '(null)', reason: rejected
Invalid access at addr 0x9, size 1, region '(null)', reason: rejected
Invalid access at addr 0xFEBB000A, size 1, region '(null)', reason: rejected
Invalid access at addr 0xA, size 1, region '(null)', reason: rejected
Invalid access at addr 0xFEBB000B, size 1, region '(null)', reason: rejected
Invalid access at addr 0xB, size 1, region '(null)', reason: rejected
Invalid access at addr 0xFEBB000C, size 1, region '(null)', reason: rejected
Invalid access at addr 0xC, size 1, region '(null)', reason: rejected
Invalid access at addr 0xFEBB000D, size 1, region '(null)', reason: rejected
Invalid access at addr 0xD, size 1, region '(null)', reason: rejected
Invalid access at addr 0xFEBB000E, size 1, region '(null)', reason: rejected
Invalid access at addr 0xE, size 1, region '(null)', reason: rejected
Invalid access at addr 0xFEBB000F, size 1, region '(null)', reason: rejected
Invalid access at addr 0xF, size 1, region '(null)', reason: rejected
Invalid access at addr 0xFEBB0010, size 1, region '(null)', reason: rejected
Invalid access at addr 0x10, size 1, region '(null)', reason: rejected
Invalid access at addr 0xFEBB0011, size 1, region '(null)', reason: rejected
Invalid access at addr 0x11, size 1, region '(null)', reason: rejected
Invalid access at addr 0xFEBB0012, size 1, region '(null)', reason: rejected
Invalid access at addr 0x12, size 1, region '(null)', reason: rejected
Invalid access at addr 0xFEBB0013, size 1, region '(null)', reason: rejected
Invalid access at addr 0x13, size 1, region '(null)', reason: rejected
Invalid access at addr 0xFEBB0014, size 1, region '(null)', reason: rejected
Invalid access at addr 0x14, size 1, region '(null)', reason: rejected
Invalid access at addr 0xFEBB0015, size 1, region '(null)', reason: rejected
Invalid access at addr 0x15, size 1, region '(null)', reason: rejected
Invalid access at addr 0xFEBB0016, size 1, region '(null)', reason: rejected
Invalid access at addr 0x16, size 1, region '(null)', reason: rejected
Invalid access at addr 0xFEBB0017, size 1, region '(null)', reason: rejected
Invalid access at addr 0x17, size 1, region '(null)', reason: rejected
Invalid access at addr 0xFEBB0018, size 1, region '(null)', reason: rejected
Invalid access at addr 0x18, size 1, region '(null)', reason: rejected
Invalid access at addr 0xFEBB0019, size 1, region '(null)', reason: rejected
Invalid access at addr 0x19, size 1, region '(null)', reason: rejected
Invalid access at addr 0xFEBB001A, size 1, region '(null)', reason: rejected
Invalid access at addr 0x1A, size 1, region '(null)', reason: rejected
Invalid access at addr 0xFEBB001B, size 1, region '(null)', reason: rejected
Invalid access at addr 0x1B, size 1, region '(null)', reason: rejected
Invalid access at addr 0xFEBB001C, size 1, region '(null)', reason: rejected
Invalid access at addr 0x1C, size 1, region '(null)', reason: rejected
Invalid access at addr 0xFEBB001D, size 1, region '(null)', reason: rejected
Invalid access at addr 0x1D, size 1, region '(null)', reason: rejected
Invalid access at addr 0xFEBB001E, size 1, region '(null)', reason: rejected
Invalid access at addr 0x1E, size 1, region '(null)', reason: rejected
Invalid access at addr 0xFEBB001F, size 1, region '(null)', reason: rejected
Invalid access at addr 0x1F, size 1, region '(null)', reason: rejected
Invalid access at addr 0xFEBB0020, size 1, region '(null)', reason: rejected
Invalid access at addr 0x20, size 1, region '(null)', reason: rejected
Invalid access at addr 0xFEBB0021, size 1, region '(null)', reason: rejected
Invalid access at addr 0x21, size 1, region '(null)', reason: rejected
Invalid access at addr 0xFEBB0022, size 1, region '(null)', reason: rejected
Invalid access at addr 0x22, size 1, region '(null)', reason: rejected
Invalid access at addr 0xFEBB0023, size 1, region '(null)', reason: rejected
Invalid access at addr 0x23, size 1, region '(null)', reason: rejected
Invalid access at addr 0xFEBB0024, size 1, region '(null)', reason: rejected
Invalid access at addr 0x24, size 1, region '(null)', reason: rejected
Invalid access at addr 0xFEBB0025, size 1, region '(null)', reason: rejected
Invalid access at addr 0x25, size 1, region '(null)', reason: rejected
Invalid access at addr 0xFEBB0026, size 1, region '(null)', reason: rejected
Invalid access at addr 0x26, size 1, region '(null)', reason: rejected
Invalid access at addr 0xFEBB0027, size 1, region '(null)', reason: rejected
Invalid access at addr 0x27, size 1, region '(null)', reason: rejected
Invalid access at addr 0xFEBB0028, size 1, region '(null)', reason: rejected
Invalid access at addr 0x28, size 1, region '(null)', reason: rejected
Invalid access at addr 0xFEBB0029, size 1, region '(null)', reason: rejected
Invalid access at addr 0x29, size 1, region '(null)', reason: rejected
Invalid access at addr 0xFEBB002A, size 1, region '(null)', reason: rejected
Invalid access at addr 0x2A, size 1, region '(null)', reason: rejected
Invalid access at addr 0xFEBB002B, size 1, region '(null)', reason: rejected
Invalid access at addr 0x2B, size 1, region '(null)', reason: rejected
Invalid access at addr 0xFEBB002C, size 1, region '(null)', reason: rejected
Invalid access at addr 0x2C, size 1, region '(null)', reason: rejected
Invalid access at addr 0xFEBB002D, size 1, region '(null)', reason: rejected
Invalid access at addr 0x2D, size 1, region '(null)', reason: rejected
Invalid access at addr 0xFEBB002E, size 1, region '(null)', reason: rejected
Invalid access at addr 0x2E, size 1, region '(null)', reason: rejected
Invalid access at addr 0xFEBB002F, size 1, region '(null)', reason: rejected
Invalid access at addr 0x2F, size 1, region '(null)', reason: rejected
Invalid access at addr 0xFEBB0030, size 1, region '(null)', reason: rejected
Invalid access at addr 0x30, size 1, region '(null)', reason: rejected
Invalid access at addr 0xFEBB0031, size 1, region '(null)', reason: rejected
Invalid access at addr 0x31, size 1, region '(null)', reason: rejected
Invalid access at addr 0xFEBB0032, size 1, region '(null)', reason: rejected
Invalid access at addr 0x32, size 1, region '(null)', reason: rejected
Invalid access at addr 0xFEBB0033, size 1, region '(null)', reason: rejected
Invalid access at addr 0x33, size 1, region '(null)', reason: rejected
Invalid access at addr 0xFEBB0034, size 1, region '(null)', reason: rejected
Invalid access at addr 0x34, size 1, region '(null)', reason: rejected
Invalid access at addr 0xFEBB0035, size 1, region '(null)', reason: rejected
Invalid access at addr 0x35, size 1, region '(null)', reason: rejected
Invalid access at addr 0xFEBB0036, size 1, region '(null)', reason: rejected
Invalid access at addr 0x36, size 1, region '(null)', reason: rejected
Invalid access at addr 0xFEBB0037, size 1, region '(null)', reason: rejected
Invalid access at addr 0x37, size 1, region '(null)', reason: rejected
Invalid access at addr 0xFEBB0038, size 1, region '(null)', reason: rejected
Invalid access at addr 0x38, size 1, region '(null)', reason: rejected
Invalid access at addr 0xFEBB0039, size 1, region '(null)', reason: rejected
Invalid access at addr 0x39, size 1, region '(null)', reason: rejected
Invalid access at addr 0xFEBB003A, size 1, region '(null)', reason: rejected
Invalid access at addr 0x3A, size 1, region '(null)', reason: rejected
Invalid access at addr 0xFEBB003B, size 1, region '(null)', reason: rejected
Invalid access at addr 0x3B, size 1, region '(null)', reason: rejected
Invalid access at addr 0xFEBB003C, size 1, region '(null)', reason: rejected
Invalid access at addr 0x3C, size 1, region '(null)', reason: rejected
Invalid access at addr 0xFEBB003D, size 1, region '(null)', reason: rejected
Invalid access at addr 0x3D, size 1, region '(null)', reason: rejected
Invalid access at addr 0xFEBB003E, size 1, region '(null)', reason: rejected
Invalid access at addr 0x3E, size 1, region '(null)', reason: rejected
Invalid access at addr 0xFEBB003F, size 1, region '(null)', reason: rejected
Invalid access at addr 0x3F, size 1, region '(null)', reason: rejected
Invalid access at addr 0xFEBB0040, size 1, region '(null)', reason: rejected
Invalid access at addr 0x40, size 1, region '(null)', reason: rejected
Invalid access at addr 0xFEBB0041, size 1, region '(null)', reason: rejected
Invalid access at addr 0x41, size 1, region '(null)', reason: rejected
Invalid access at addr 0xFEBB0042, size 1, region '(null)', reason: rejected
Invalid access at addr 0x42, size 1, region '(null)', reason: rejected
Invalid access at addr 0xFEBB0043, size 1, region '(null)', reason: rejected
Invalid access at addr 0x43, size 1, region '(null)', reason: rejected
Invalid access at addr 0xFEBB0044, size 1, region '(null)', reason: rejected
Invalid access at addr 0x44, size 1, region '(null)', reason: rejected
Invalid access at addr 0xFEBB0045, size 1, region '(null)', reason: rejected
Invalid access at addr 0x45, size 1, region '(null)', reason: rejected
Invalid access at addr 0xFEBB0046, size 1, region '(null)', reason: rejected
Invalid access at addr 0x46, size 1, region '(null)', reason: rejected
Invalid access at addr 0xFEBB0047, size 1, region '(null)', reason: rejected
Invalid access at addr 0x47, size 1, region '(null)', reason: rejected
Invalid access at addr 0xFEBB0048, size 1, region '(null)', reason: rejected
Invalid access at addr 0x48, size 1, region '(null)', reason: rejected
Invalid access at addr 0xFEBB0049, size 1, region '(null)', reason: rejected
Invalid access at addr 0x49, size 1, region '(null)', reason: rejected
Invalid access at addr 0xFEBB004A, size 1, region '(null)', reason: rejected
Invalid access at addr 0x4A, size 1, region '(null)', reason: rejected
Invalid access at addr 0xFEBB004B, size 1, region '(null)', reason: rejected
Invalid access at addr 0x4B, size 1, region '(null)', reason: rejected
Invalid access at addr 0xFEBB004C, size 1, region '(null)', reason: rejected
Invalid access at addr 0x4C, size 1, region '(null)', reason: rejected
Invalid access at addr 0xFEBB004D, size 1, region '(null)', reason: rejected
Invalid access at addr 0x4D, size 1, region '(null)', reason: rejected
Invalid access at addr 0xFEBB004E, size 1, region '(null)', reason: rejected
Invalid access at addr 0x4E, size 1, region '(null)', reason: rejected
Invalid access at addr 0xFEBB004F, size 1, region '(null)', reason: rejected
Invalid access at addr 0x4F, size 1, region '(null)', reason: rejected
Invalid access at addr 0xFEBB0050, size 1, region '(null)', reason: rejected
Invalid access at addr 0x50, size 1, region '(null)', reason: rejected
Invalid access at addr 0xFEBB0051, size 1, region '(null)', reason: rejected
Invalid access at addr 0x51, size 1, region '(null)', reason: rejected
Invalid access at addr 0xFEBB0052, size 1, region '(null)', reason: rejected
Invalid access at addr 0x52, size 1, region '(null)', reason: rejected
Invalid access at addr 0xFEBB0053, size 1, region '(null)', reason: rejected
Invalid access at addr 0x53, size 1, region '(null)', reason: rejected
Invalid access at addr 0xFEBB0054, size 1, region '(null)', reason: rejected
Invalid access at addr 0x54, size 1, region '(null)', reason: rejected
Invalid access at addr 0xFEBB0055, size 1, region '(null)', reason: rejected
Invalid access at addr 0x55, size 1, region '(null)', reason: rejected
Invalid access at addr 0xFEBB0056, size 1, region '(null)', reason: rejected
Invalid access at addr 0x56, size 1, region '(null)', reason: rejected
Invalid access at addr 0xFEBB0057, size 1, region '(null)', reason: rejected
Invalid access at addr 0x57, size 1, region '(null)', reason: rejected
Invalid access at addr 0xFEBB0058, size 1, region '(null)', reason: rejected
Invalid access at addr 0x58, size 1, region '(null)', reason: rejected
Invalid access at addr 0xFEBB0059, size 1, region '(null)', reason: rejected
Invalid access at addr 0x59, size 1, region '(null)', reason: rejected
Invalid access at addr 0xFEBB005A, size 1, region '(null)', reason: rejected
Invalid access at addr 0x5A, size 1, region '(null)', reason: rejected
Invalid access at addr 0xFEBB005B, size 1, region '(null)', reason: rejected
Invalid access at addr 0x5B, size 1, region '(null)', reason: rejected
Invalid access at addr 0xFEBB005C, size 1, region '(null)', reason: rejected
Invalid access at addr 0x5C, size 1, region '(null)', reason: rejected
Invalid access at addr 0xFEBB005D, size 1, region '(null)', reason: rejected
Invalid access at addr 0x5D, size 1, region '(null)', reason: rejected
Invalid access at addr 0xFEBB005E, size 1, region '(null)', reason: rejected
Invalid access at addr 0x5E, size 1, region '(null)', reason: rejected
Invalid access at addr 0xFEBB005F, size 1, region '(null)', reason: rejected
Invalid access at addr 0x5F, size 1, region '(null)', reason: rejected
Invalid access at addr 0xFEBB0060, size 1, region '(null)', reason: rejected
Invalid access at addr 0x60, size 1, region '(null)', reason: rejected
Invalid access at addr 0xFEBB0061, size 1, region '(null)', reason: rejected
Invalid access at addr 0x61, size 1, region '(null)', reason: rejected
Invalid access at addr 0xFEBB0062, size 1, region '(null)', reason: rejected
Invalid access at addr 0x62, size 1, region '(null)', reason: rejected
Invalid access at addr 0xFEBB0063, size 1, region '(null)', reason: rejected
Invalid access at addr 0x63, size 1, region '(null)', reason: rejected
Invalid access at addr 0xFEBB0064, size 1, region '(null)', reason: rejected
Invalid access at addr 0x64, size 1, region '(null)', reason: rejected
Invalid access at addr 0xFEBB0065, size 1, region '(null)', reason: rejected
Invalid access at addr 0x65, size 1, region '(null)', reason: rejected
Invalid access at addr 0xFEBB0066, size 1, region '(null)', reason: rejected
Invalid access at addr 0x66, size 1, region '(null)', reason: rejected
Invalid access at addr 0xFEBB0067, size 1, region '(null)', reason: rejected
Invalid access at addr 0x67, size 1, region '(null)', reason: rejected
Invalid access at addr 0xFEBB0068, size 1, region '(null)', reason: rejected
Invalid access at addr 0x68, size 1, region '(null)', reason: rejected
Invalid access at addr 0xFEBB0069, size 1, region '(null)', reason: rejected
Invalid access at addr 0x69, size 1, region '(null)', reason: rejected
Invalid access at addr 0xFEBB006A, size 1, region '(null)', reason: rejected
Invalid access at addr 0x6A, size 1, region '(null)', reason: rejected
Invalid access at addr 0xFEBB006B, size 1, region '(null)', reason: rejected
Invalid access at addr 0x6B, size 1, region '(null)', reason: rejected
Invalid access at addr 0xFEBB006C, size 1, region '(null)', reason: rejected
Invalid access at addr 0x6C, size 1, region '(null)', reason: rejected
Invalid access at addr 0xFEBB006D, size 1, region '(null)', reason: rejected
Invalid access at addr 0x6D, size 1, region '(null)', reason: rejected
Invalid access at addr 0xFEBB006E, size 1, region '(null)', reason: rejected
Invalid access at addr 0x6E, size 1, region '(null)', reason: rejected
Invalid access at addr 0xFEBB006F, size 1, region '(null)', reason: rejected
Invalid access at addr 0x6F, size 1, region '(null)', reason: rejected
Invalid access at addr 0xFEBB0070, size 1, region '(null)', reason: rejected
Invalid access at addr 0x70, size 1, region '(null)', reason: rejected
Invalid access at addr 0xFEBB0071, size 1, region '(null)', reason: rejected
Invalid access at addr 0x71, size 1, region '(null)', reason: rejected
Invalid access at addr 0xFEBB0072, size 1, region '(null)', reason: rejected
Invalid access at addr 0x72, size 1, region '(null)', reason: rejected
Invalid access at addr 0xFEBB0073, size 1, region '(null)', reason: rejected
Invalid access at addr 0x73, size 1, region '(null)', reason: rejected
Invalid access at addr 0xFEBB0074, size 1, region '(null)', reason: rejected
Invalid access at addr 0x74, size 1, region '(null)', reason: rejected
Invalid access at addr 0xFEBB0075, size 1, region '(null)', reason: rejected
Invalid access at addr 0x75, size 1, region '(null)', reason: rejected
Invalid access at addr 0xFEBB0076, size 1, region '(null)', reason: rejected
Invalid access at addr 0x76, size 1, region '(null)', reason: rejected
Invalid access at addr 0xFEBB0077, size 1, region '(null)', reason: rejected
Invalid access at addr 0x77, size 1, region '(null)', reason: rejected
Invalid access at addr 0xFEBB0078, size 1, region '(null)', reason: rejected
Invalid access at addr 0x78, size 1, region '(null)', reason: rejected
Invalid access at addr 0xFEBB0079, size 1, region '(null)', reason: rejected
Invalid access at addr 0x79, size 1, region '(null)', reason: rejected
Invalid access at addr 0xFEBB007A, size 1, region '(null)', reason: rejected
Invalid access at addr 0x7A, size 1, region '(null)', reason: rejected
Invalid access at addr 0xFEBB007B, size 1, region '(null)', reason: rejected
Invalid access at addr 0x7B, size 1, region '(null)', reason: rejected
Invalid access at addr 0xFEBB007C, size 1, region '(null)', reason: rejected
Invalid access at addr 0x7C, size 1, region '(null)', reason: rejected
Invalid access at addr 0xFEBB007D, size 1, region '(null)', reason: rejected
Invalid access at addr 0x7D, size 1, region '(null)', reason: rejected
Invalid access at addr 0xFEBB007E, size 1, region '(null)', reason: rejected
Invalid access at addr 0x7E, size 1, region '(null)', reason: rejected
Invalid access at addr 0xFEBB007F, size 1, region '(null)', reason: rejected
Invalid access at addr 0x7F, size 1, region '(null)', reason: rejected
Invalid access at addr 0xFEBB0080, size 1, region '(null)', reason: rejected
Invalid access at addr 0x80, size 1, region '(null)', reason: rejected
Invalid access at addr 0xFEBB0081, size 1, region '(null)', reason: rejected
Invalid access at addr 0x81, size 1, region '(null)', reason: rejected
Invalid access at addr 0xFEBB0082, size 1, region '(null)', reason: rejected
Invalid access at addr 0x82, size 1, region '(null)', reason: rejected
Invalid access at addr 0xFEBB0083, size 1, region '(null)', reason: rejected
Invalid access at addr 0x83, size 1, region '(null)', reason: rejected
Invalid access at addr 0xFEBB0084, size 1, region '(null)', reason: rejected
Invalid access at addr 0x84, size 1, region '(null)', reason: rejected
Invalid access at addr 0xFEBB0085, size 1, region '(null)', reason: rejected
Invalid access at addr 0x85, size 1, region '(null)', reason: rejected
Invalid access at addr 0xFEBB0086, size 1, region '(null)', reason: rejected
Invalid access at addr 0x86, size 1, region '(null)', reason: rejected
Invalid access at addr 0xFEBB0087, size 1, region '(null)', reason: rejected
Invalid access at addr 0x87, size 1, region '(null)', reason: rejected
Invalid access at addr 0xFEBB0088, size 1, region '(null)', reason: rejected
Invalid access at addr 0x88, size 1, region '(null)', reason: rejected
Invalid access at addr 0xFEBB0089, size 1, region '(null)', reason: rejected
Invalid access at addr 0x89, size 1, region '(null)', reason: rejected
Invalid access at addr 0xFEBB008A, size 1, region '(null)', reason: rejected
Invalid access at addr 0x8A, size 1, region '(null)', reason: rejected
Invalid access at addr 0xFEBB008B, size 1, region '(null)', reason: rejected
Invalid access at addr 0x8B, size 1, region '(null)', reason: rejected
Invalid access at addr 0xFEBB008C, size 1, region '(null)', reason: rejected
Invalid access at addr 0x8C, size 1, region '(null)', reason: rejected
Invalid access at addr 0xFEBB008D, size 1, region '(null)', reason: rejected
Invalid access at addr 0x8D, size 1, region '(null)', reason: rejected
Invalid access at addr 0xFEBB008E, size 1, region '(null)', reason: rejected
Invalid access at addr 0x8E, size 1, region '(null)', reason: rejected
Invalid access at addr 0xFEBB008F, size 1, region '(null)', reason: rejected
Invalid access at addr 0x8F, size 1, region '(null)', reason: rejected
Invalid access at addr 0xFEBB0090, size 1, region '(null)', reason: rejected
Invalid access at addr 0x90, size 1, region '(null)', reason: rejected
Invalid access at addr 0xFEBB0091, size 1, region '(null)', reason: rejected
Invalid access at addr 0x91, size 1, region '(null)', reason: rejected
Invalid access at addr 0xFEBB0092, size 1, region '(null)', reason: rejected
Invalid access at addr 0x92, size 1, region '(null)', reason: rejected
Invalid access at addr 0xFEBB0093, size 1, region '(null)', reason: rejected
Invalid access at addr 0x93, size 1, region '(null)', reason: rejected
Invalid access at addr 0xFEBB0094, size 1, region '(null)', reason: rejected
Invalid access at addr 0x94, size 1, region '(null)', reason: rejected
Invalid access at addr 0xFEBB0095, size 1, region '(null)', reason: rejected
Invalid access at addr 0x95, size 1, region '(null)', reason: rejected
Invalid access at addr 0xFEBB0096, size 1, region '(null)', reason: rejected
Invalid access at addr 0x96, size 1, region '(null)', reason: rejected
Invalid access at addr 0xFEBB0097, size 1, region '(null)', reason: rejected
Invalid access at addr 0x97, size 1, region '(null)', reason: rejected
Invalid access at addr 0xFEBB0098, size 1, region '(null)', reason: rejected
Invalid access at addr 0x98, size 1, region '(null)', reason: rejected
Invalid access at addr 0xFEBB0099, size 1, region '(null)', reason: rejected
Invalid access at addr 0x99, size 1, region '(null)', reason: rejected
Invalid access at addr 0xFEBB009A, size 1, region '(null)', reason: rejected
Invalid access at addr 0x9A, size 1, region '(null)', reason: rejected
Invalid access at addr 0xFEBB009B, size 1, region '(null)', reason: rejected
Invalid access at addr 0x9B, size 1, region '(null)', reason: rejected
Invalid access at addr 0xFEBB009C, size 1, region '(null)', reason: rejected
Invalid access at addr 0x9C, size 1, region '(null)', reason: rejected
Invalid access at addr 0xFEBB009D, size 1, region '(null)', reason: rejected
Invalid access at addr 0x9D, size 1, region '(null)', reason: rejected
Invalid access at addr 0xFEBB009E, size 1, region '(null)', reason: rejected
Invalid access at addr 0x9E, size 1, region '(null)', reason: rejected
Invalid access at addr 0xFEBB009F, size 1, region '(null)', reason: rejected
Invalid access at addr 0x9F, size 1, region '(null)', reason: rejected
Invalid access at addr 0xFEBB00A0, size 1, region '(null)', reason: rejected
Invalid access at addr 0xA0, size 1, region '(null)', reason: rejected
Invalid access at addr 0xFEBB00A1, size 1, region '(null)', reason: rejected
Invalid access at addr 0xA1, size 1, region '(null)', reason: rejected
Invalid access at addr 0xFEBB00A2, size 1, region '(null)', reason: rejected
Invalid access at addr 0xA2, size 1, region '(null)', reason: rejected
Invalid access at addr 0xFEBB00A3, size 1, region '(null)', reason: rejected
Invalid access at addr 0xA3, size 1, region '(null)', reason: rejected
Invalid access at addr 0xFEBB00A4, size 1, region '(null)', reason: rejected
Invalid access at addr 0xA4, size 1, region '(null)', reason: rejected
Invalid access at addr 0xFEBB00A5, size 1, region '(null)', reason: rejected
Invalid access at addr 0xA5, size 1, region '(null)', reason: rejected
Invalid access at addr 0xFEBB00A6, size 1, region '(null)', reason: rejected
Invalid access at addr 0xA6, size 1, region '(null)', reason: rejected
Invalid access at addr 0xFEBB00A7, size 1, region '(null)', reason: rejected
Invalid access at addr 0xA7, size 1, region '(null)', reason: rejected
Invalid access at addr 0xFEBB00A8, size 1, region '(null)', reason: rejected
Invalid access at addr 0xA8, size 1, region '(null)', reason: rejected
Invalid access at addr 0xFEBB00A9, size 1, region '(null)', reason: rejected
Invalid access at addr 0xA9, size 1, region '(null)', reason: rejected
Invalid access at addr 0xFEBB00AA, size 1, region '(null)', reason: rejected
Invalid access at addr 0xAA, size 1, region '(null)', reason: rejected
Invalid access at addr 0xFEBB00AB, size 1, region '(null)', reason: rejected
Invalid access at addr 0xAB, size 1, region '(null)', reason: rejected
Invalid access at addr 0xFEBB00AC, size 1, region '(null)', reason: rejected
Invalid access at addr 0xAC, size 1, region '(null)', reason: rejected
Invalid access at addr 0xFEBB00AD, size 1, region '(null)', reason: rejected
Invalid access at addr 0xAD, size 1, region '(null)', reason: rejected
Invalid access at addr 0xFEBB00AE, size 1, region '(null)', reason: rejected
Invalid access at addr 0xAE, size 1, region '(null)', reason: rejected
Invalid access at addr 0xFEBB00AF, size 1, region '(null)', reason: rejected
Invalid access at addr 0xAF, size 1, region '(null)', reason: rejected
Invalid access at addr 0xFEBB00B0, size 1, region '(null)', reason: rejected
Invalid access at addr 0xB0, size 1, region '(null)', reason: rejected
Invalid access at addr 0xFEBB00B1, size 1, region '(null)', reason: rejected
Invalid access at addr 0xB1, size 1, region '(null)', reason: rejected
Invalid access at addr 0xFEBB00B2, size 1, region '(null)', reason: rejected
Invalid access at addr 0xB2, size 1, region '(null)', reason: rejected
Invalid access at addr 0xFEBB00B3, size 1, region '(null)', reason: rejected
Invalid access at addr 0xB3, size 1, region '(null)', reason: rejected
Invalid access at addr 0xFEBB00B4, size 1, region '(null)', reason: rejected
Invalid access at addr 0xB4, size 1, region '(null)', reason: rejected
Invalid access at addr 0xFEBB00B5, size 1, region '(null)', reason: rejected
Invalid access at addr 0xB5, size 1, region '(null)', reason: rejected
Invalid access at addr 0xFEBB00B6, size 1, region '(null)', reason: rejected
Invalid access at addr 0xB6, size 1, region '(null)', reason: rejected
Invalid access at addr 0xFEBB00B7, size 1, region '(null)', reason: rejected
Invalid access at addr 0xB7, size 1, region '(null)', reason: rejected
Invalid access at addr 0xFEBB00B8, size 1, region '(null)', reason: rejected
Invalid access at addr 0xB8, size 1, region '(null)', reason: rejected
Invalid access at addr 0xFEBB00B9, size 1, region '(null)', reason: rejected
Invalid access at addr 0xB9, size 1, region '(null)', reason: rejected
Invalid access at addr 0xFEBB00BA, size 1, region '(null)', reason: rejected
Invalid access at addr 0xBA, size 1, region '(null)', reason: rejected
Invalid access at addr 0xFEBB00BB, size 1, region '(null)', reason: rejected
Invalid access at addr 0xBB, size 1, region '(null)', reason: rejected
Invalid access at addr 0xFEBB00BC, size 1, region '(null)', reason: rejected
Invalid access at addr 0xBC, size 1, region '(null)', reason: rejected
Invalid access at addr 0xFEBB00BD, size 1, region '(null)', reason: rejected
Invalid access at addr 0xBD, size 1, region '(null)', reason: rejected
Invalid access at addr 0xFEBB00BE, size 1, region '(null)', reason: rejected
Invalid access at addr 0xBE, size 1, region '(null)', reason: rejected
Invalid access at addr 0xFEBB00BF, size 1, region '(null)', reason: rejected
Invalid access at addr 0xBF, size 1, region '(null)', reason: rejected
Invalid access at addr 0xFEBB00C0, size 1, region '(null)', reason: rejected
Invalid access at addr 0xC0, size 1, region '(null)', reason: rejected
Invalid access at addr 0xFEBB00C1, size 1, region '(null)', reason: rejected
Invalid access at addr 0xC1, size 1, region '(null)', reason: rejected
Invalid access at addr 0xFEBB00C2, size 1, region '(null)', reason: rejected
Invalid access at addr 0xC2, size 1, region '(null)', reason: rejected
Invalid access at addr 0xFEBB00C3, size 1, region '(null)', reason: rejected
Invalid access at addr 0xC3, size 1, region '(null)', reason: rejected
Invalid access at addr 0xFEBB00C4, size 1, region '(null)', reason: rejected
Invalid access at addr 0xC4, size 1, region '(null)', reason: rejected
Invalid access at addr 0xFEBB00C5, size 1, region '(null)', reason: rejected
Invalid access at addr 0xC5, size 1, region '(null)', reason: rejected
Invalid access at addr 0xFEBB00C6, size 1, region '(null)', reason: rejected
Invalid access at addr 0xC6, size 1, region '(null)', reason: rejected
Invalid access at addr 0xFEBB00C7, size 1, region '(null)', reason: rejected
Invalid access at addr 0xC7, size 1, region '(null)', reason: rejected
Invalid access at addr 0xFEBB00C8, size 1, region '(null)', reason: rejected
Invalid access at addr 0xC8, size 1, region '(null)', reason: rejected
Invalid access at addr 0xFEBB00C9, size 1, region '(null)', reason: rejected
Invalid access at addr 0xC9, size 1, region '(null)', reason: rejected
Invalid access at addr 0xFEBB00CA, size 1, region '(null)', reason: rejected
Invalid access at addr 0xCA, size 1, region '(null)', reason: rejected
Invalid access at addr 0xFEBB00CB, size 1, region '(null)', reason: rejected
Invalid access at addr 0xCB, size 1, region '(null)', reason: rejected
Invalid access at addr 0xFEBB00CC, size 1, region '(null)', reason: rejected
Invalid access at addr 0xCC, size 1, region '(null)', reason: rejected
Invalid access at addr 0xFEBB00CD, size 1, region '(null)', reason: rejected
Invalid access at addr 0xCD, size 1, region '(null)', reason: rejected
Invalid access at addr 0xFEBB00CE, size 1, region '(null)', reason: rejected
Invalid access at addr 0xCE, size 1, region '(null)', reason: rejected
Invalid access at addr 0xFEBB00CF, size 1, region '(null)', reason: rejected
Invalid access at addr 0xCF, size 1, region '(null)', reason: rejected
Invalid access at addr 0xFEBB00D0, size 1, region '(null)', reason: rejected
Invalid access at addr 0xD0, size 1, region '(null)', reason: rejected
Invalid access at addr 0xFEBB00D1, size 1, region '(null)', reason: rejected
Invalid access at addr 0xD1, size 1, region '(null)', reason: rejected
Invalid access at addr 0xFEBB00D2, size 1, region '(null)', reason: rejected
Invalid access at addr 0xD2, size 1, region '(null)', reason: rejected
Invalid access at addr 0xFEBB00D3, size 1, region '(null)', reason: rejected
Invalid access at addr 0xD3, size 1, region '(null)', reason: rejected
Invalid access at addr 0xFEBB00D4, size 1, region '(null)', reason: rejected
Invalid access at addr 0xD4, size 1, region '(null)', reason: rejected
Invalid access at addr 0xFEBB00D5, size 1, region '(null)', reason: rejected
Invalid access at addr 0xD5, size 1, region '(null)', reason: rejected
Invalid access at addr 0xFEBB00D6, size 1, region '(null)', reason: rejected
Invalid access at addr 0xD6, size 1, region '(null)', reason: rejected
Invalid access at addr 0xFEBB00D7, size 1, region '(null)', reason: rejected
Invalid access at addr 0xD7, size 1, region '(null)', reason: rejected
Invalid access at addr 0xFEBB00D8, size 1, region '(null)', reason: rejected
Invalid access at addr 0xD8, size 1, region '(null)', reason: rejected
Invalid access at addr 0xFEBB00D9, size 1, region '(null)', reason: rejected
Invalid access at addr 0xD9, size 1, region '(null)', reason: rejected
Invalid access at addr 0xFEBB00DA, size 1, region '(null)', reason: rejected
Invalid access at addr 0xDA, size 1, region '(null)', reason: rejected
Invalid access at addr 0xFEBB00DB, size 1, region '(null)', reason: rejected
Invalid access at addr 0xDB, size 1, region '(null)', reason: rejected
Invalid access at addr 0xFEBB00DC, size 1, region '(null)', reason: rejected
Invalid access at addr 0xDC, size 1, region '(null)', reason: rejected
Invalid access at addr 0xFEBB00DD, size 1, region '(null)', reason: rejected
Invalid access at addr 0xDD, size 1, region '(null)', reason: rejected
Invalid access at addr 0xFEBB00DE, size 1, region '(null)', reason: rejected
Invalid access at addr 0xDE, size 1, region '(null)', reason: rejected
Invalid access at addr 0xFEBB00DF, size 1, region '(null)', reason: rejected
Invalid access at addr 0xDF, size 1, region '(null)', reason: rejected
Invalid access at addr 0xFEBB00E0, size 1, region '(null)', reason: rejected
Invalid access at addr 0xE0, size 1, region '(null)', reason: rejected
Invalid access at addr 0xFEBB00E1, size 1, region '(null)', reason: rejected
Invalid access at addr 0xE1, size 1, region '(null)', reason: rejected
Invalid access at addr 0xFEBB00E2, size 1, region '(null)', reason: rejected
Invalid access at addr 0xE2, size 1, region '(null)', reason: rejected
Invalid access at addr 0xFEBB00E3, size 1, region '(null)', reason: rejected
Invalid access at addr 0xE3, size 1, region '(null)', reason: rejected
Invalid access at addr 0xFEBB00E4, size 1, region '(null)', reason: rejected
Invalid access at addr 0xE4, size 1, region '(null)', reason: rejected
Invalid access at addr 0xFEBB00E5, size 1, region '(null)', reason: rejected
Invalid access at addr 0xE5, size 1, region '(null)', reason: rejected
Invalid access at addr 0xFEBB00E6, size 1, region '(null)', reason: rejected
Invalid access at addr 0xE6, size 1, region '(null)', reason: rejected
Invalid access at addr 0xFEBB00E7, size 1, region '(null)', reason: rejected
Invalid access at addr 0xE7, size 1, region '(null)', reason: rejected
Invalid access at addr 0xFEBB00E8, size 1, region '(null)', reason: rejected
Invalid access at addr 0xE8, size 1, region '(null)', reason: rejected
Invalid access at addr 0xFEBB00E9, size 1, region '(null)', reason: rejected
Invalid access at addr 0xE9, size 1, region '(null)', reason: rejected
Invalid access at addr 0xFEBB00EA, size 1, region '(null)', reason: rejected
Invalid access at addr 0xEA, size 1, region '(null)', reason: rejected
Invalid access at addr 0xFEBB00EB, size 1, region '(null)', reason: rejected
Invalid access at addr 0xEB, size 1, region '(null)', reason: rejected
Invalid access at addr 0xFEBB00EC, size 1, region '(null)', reason: rejected
Invalid access at addr 0xEC, size 1, region '(null)', reason: rejected
Invalid access at addr 0xFEBB00ED, size 1, region '(null)', reason: rejected
Invalid access at addr 0xED, size 1, region '(null)', reason: rejected
Invalid access at addr 0xFEBB00EE, size 1, region '(null)', reason: rejected
Invalid access at addr 0xEE, size 1, region '(null)', reason: rejected
Invalid access at addr 0xFEBB00EF, size 1, region '(null)', reason: rejected
Invalid access at addr 0xEF, size 1, region '(null)', reason: rejected
Invalid access at addr 0xFEBB00F0, size 1, region '(null)', reason: rejected
Invalid access at addr 0xF0, size 1, region '(null)', reason: rejected
Invalid access at addr 0xFEBB00F1, size 1, region '(null)', reason: rejected
Invalid access at addr 0xF1, size 1, region '(null)', reason: rejected
Invalid access at addr 0xFEBB00F2, size 1, region '(null)', reason: rejected
Invalid access at addr 0xF2, size 1, region '(null)', reason: rejected
Invalid access at addr 0xFEBB00F3, size 1, region '(null)', reason: rejected
Invalid access at addr 0xF3, size 1, region '(null)', reason: rejected
Invalid access at addr 0xFEBB00F4, size 1, region '(null)', reason: rejected
Invalid access at addr 0xF4, size 1, region '(null)', reason: rejected
Invalid access at addr 0xFEBB00F5, size 1, region '(null)', reason: rejected
Invalid access at addr 0xF5, size 1, region '(null)', reason: rejected
Invalid access at addr 0xFEBB00F6, size 1, region '(null)', reason: rejected
Invalid access at addr 0xF6, size 1, region '(null)', reason: rejected
Invalid access at addr 0xFEBB00F7, size 1, region '(null)', reason: rejected
Invalid access at addr 0xF7, size 1, region '(null)', reason: rejected
Invalid access at addr 0xFEBB00F8, size 1, region '(null)', reason: rejected
Invalid access at addr 0xF8, size 1, region '(null)', reason: rejected
Invalid access at addr 0xFEBB00F9, size 1, region '(null)', reason: rejected
Invalid access at addr 0xF9, size 1, region '(null)', reason: rejected
Invalid access at addr 0xFEBB00FA, size 1, region '(null)', reason: rejected
Invalid access at addr 0xFA, size 1, region '(null)', reason: rejected
Invalid access at addr 0xFEBB00FB, size 1, region '(null)', reason: rejected
Invalid access at addr 0xFB, size 1, region '(null)', reason: rejected
Invalid access at addr 0xFEBB00FC, size 1, region '(null)', reason: rejected
Invalid access at addr 0xFC, size 1, region '(null)', reason: rejected
Invalid access at addr 0xFEBB00FD, size 1, region '(null)', reason: rejected
Invalid access at addr 0xFD, size 1, region '(null)', reason: rejected
Invalid access at addr 0xFEBB00FE, size 1, region '(null)', reason: rejected
Invalid access at addr 0xFE, size 1, region '(null)', reason: rejected
Invalid access at addr 0xFEBB00FF, size 1, region '(null)', reason: rejected
Invalid access at addr 0xFF, size 1, region '(null)', reason: rejected
SMM: enter
EAX=000000b5 EBX=000f7bfc ECX=00001234 EDX=00006dff
ESI=00006d3c EDI=01fbedc5 EBP=00006cfc ESP=00006cfc
EIP=00007bfb EFL=00000006 [-----P-] CPL=0 II=0 A20=1 SMM=0 HLT=0
ES =db80 000db800 ffffffff 008f9300
CS =f000 000f0000 ffffffff 008f9b00
SS =0000 00000000 ffffffff 008f9300
DS =0000 00000000 ffffffff 008f9300
FS =0000 00000000 ffffffff 008f9300
GS =0000 00000000 ffffffff 008f9300
LDT=0000 00000000 0000ffff 00008200
TR =0000 00000000 0000ffff 00008b00
GDT=     00000000 00000000
IDT=     00000000 000003ff
CR0=00000010 CR2=00000000 CR3=00000000 CR4=00000000
DR0=00000000 DR1=00000000 DR2=00000000 DR3=00000000 
DR6=ffff0ff0 DR7=00000400
CCS=00000004 CCD=00006cfc CCO=EFLAGS  
EFER=0000000000000000
SMM: after RSM
EAX=000000b5 EBX=000f7bfc ECX=00001234 EDX=00006dff
ESI=00006d3c EDI=01fbedc5 EBP=00006cfc ESP=00006cfc
EIP=000f7bfc EFL=00000002 [-------] CPL=0 II=0 A20=1 SMM=0 HLT=0
ES =0010 00000000 ffffffff 00c09300 DPL=0 DS   [-WA]
CS =0008 00000000 ffffffff 00c09b00 DPL=0 CS32 [-RA]
SS =0010 00000000 ffffffff 00c09300 DPL=0 DS   [-WA]
DS =0010 00000000 ffffffff 00c09300 DPL=0 DS   [-WA]
FS =0010 00000000 ffffffff 00c09300 DPL=0 DS   [-WA]
GS =0010 00000000 ffffffff 00c09300 DPL=0 DS   [-WA]
LDT=0000 00000000 0000ffff 00008200 DPL=0 LDT
TR =0000 00000000 0000ffff 00008b00 DPL=0 TSS32-busy
GDT=     000f6280 00000037
IDT=     000f62be 00000000
CR0=00000011 CR2=00000000 CR3=00000000 CR4=00000000
DR0=00000000 DR1=00000000 DR2=00000000 DR3=00000000 
DR6=ffff0ff0 DR7=00000400
CCS=00000000 CCD=00000000 CCO=EFLAGS  
EFER=0000000000000000
SMM: enter
EAX=000000b5 EBX=00007c16 ECX=00005678 EDX=01fabb00
ESI=000ea600 EDI=01fbedc5 EBP=00006cfc ESP=00006cfc
EIP=000f7c15 EFL=00000016 [----AP-] CPL=0 II=0 A20=1 SMM=0 HLT=0
ES =0010 00000000 ffffffff 00c09300 DPL=0 DS   [-WA]
CS =0008 00000000 ffffffff 00c09b00 DPL=0 CS32 [-RA]
SS =0010 00000000 ffffffff 00c09300 DPL=0 DS   [-WA]
DS =0010 00000000 ffffffff 00c09300 DPL=0 DS   [-WA]
FS =0010 00000000 ffffffff 00c09300 DPL=0 DS   [-WA]
GS =0010 00000000 ffffffff 00c09300 DPL=0 DS   [-WA]
LDT=0000 00000000 0000ffff 00008200 DPL=0 LDT
TR =0000 00000000 0000ffff 00008b00 DPL=0 TSS32-busy
GDT=     000f6280 00000037
IDT=     000f62be 00000000
CR0=00000011 CR2=00000000 CR3=00000000 CR4=00000000
DR0=00000000 DR1=00000000 DR2=00000000 DR3=00000000 
DR6=ffff0ff0 DR7=00000400
CCS=00000014 CCD=00006ce8 CCO=EFLAGS  
EFER=0000000000000000
SMM: after RSM
EAX=000000b5 EBX=00007c16 ECX=00005678 EDX=01fabb00
ESI=000ea600 EDI=01fbedc5 EBP=00006cfc ESP=00006cfc
EIP=00007c16 EFL=00000006 [-----P-] CPL=0 II=0 A20=1 SMM=0 HLT=0
ES =db80 000db800 ffffffff 00809300
CS =f000 000f0000 ffffffff 00809b00
SS =0000 00000000 ffffffff 00809300
DS =0000 00000000 ffffffff 00809300
FS =0000 00000000 ffffffff 00809300
GS =0000 00000000 ffffffff 00809300
LDT=0000 00000000 0000ffff 00008200
TR =0000 00000000 0000ffff 00008b00
GDT=     00000000 00000000
IDT=     00000000 000003ff
CR0=00000010 CR2=00000000 CR3=00000000 CR4=00000000
DR0=00000000 DR1=00000000 DR2=00000000 DR3=00000000 
DR6=ffff0ff0 DR7=00000400
CCS=00000004 CCD=00000001 CCO=EFLAGS  
EFER=0000000000000000
SMM: enter
EAX=000000b5 EBX=000f7bfc ECX=00001234 EDX=00006aff
ESI=00006a22 EDI=01fbedc5 EBP=000069e2 ESP=000069e2
EIP=00007bfb EFL=00000006 [-----P-] CPL=0 II=0 A20=1 SMM=0 HLT=0
ES =db80 000db800 ffffffff 008f9300
CS =f000 000f0000 ffffffff 008f9b00
SS =0000 00000000 ffffffff 008f9300
DS =0000 00000000 ffffffff 008f9300
FS =0000 00000000 ffffffff 008f9300
GS =ca00 000ca000 ffffffff 008f9300
LDT=0000 00000000 0000ffff 00008200
TR =0000 00000000 0000ffff 00008b00
GDT=     00000000 00000000
IDT=     00000000 000003ff
CR0=00000010 CR2=00000000 CR3=00000000 CR4=00000000
DR0=00000000 DR1=00000000 DR2=00000000 DR3=00000000 
DR6=ffff0ff0 DR7=00000400
CCS=00000004 CCD=000069e2 CCO=EFLAGS  
EFER=0000000000000000
SMM: after RSM
EAX=000000b5 EBX=000f7bfc ECX=00001234 EDX=00006aff
ESI=00006a22 EDI=01fbedc5 EBP=000069e2 ESP=000069e2
EIP=000f7bfc EFL=00000002 [-------] CPL=0 II=0 A20=1 SMM=0 HLT=0
ES =0010 00000000 ffffffff 00c09300 DPL=0 DS   [-WA]
CS =0008 00000000 ffffffff 00c09b00 DPL=0 CS32 [-RA]
SS =0010 00000000 ffffffff 00c09300 DPL=0 DS   [-WA]
DS =0010 00000000 ffffffff 00c09300 DPL=0 DS   [-WA]
FS =0010 00000000 ffffffff 00c09300 DPL=0 DS   [-WA]
GS =0010 00000000 ffffffff 00c09300 DPL=0 DS   [-WA]
LDT=0000 00000000 0000ffff 00008200 DPL=0 LDT
TR =0000 00000000 0000ffff 00008b00 DPL=0 TSS32-busy
GDT=     000f6280 00000037
IDT=     000f62be 00000000
CR0=00000011 CR2=00000000 CR3=00000000 CR4=00000000
DR0=00000000 DR1=00000000 DR2=00000000 DR3=00000000 
DR6=ffff0ff0 DR7=00000400
CCS=00000000 CCD=00000000 CCO=EFLAGS  
EFER=0000000000000000
SMM: enter
EAX=000000b5 EBX=00007c16 ECX=00005678 EDX=00000005
ESI=00000000 EDI=01fbedc5 EBP=000069e2 ESP=000069e2
EIP=000f7c15 EFL=00000002 [-------] CPL=0 II=0 A20=1 SMM=0 HLT=0
ES =0010 00000000 ffffffff 00c09300 DPL=0 DS   [-WA]
CS =0008 00000000 ffffffff 00c09b00 DPL=0 CS32 [-RA]
SS =0010 00000000 ffffffff 00c09300 DPL=0 DS   [-WA]
DS =0010 00000000 ffffffff 00c09300 DPL=0 DS   [-WA]
FS =0010 00000000 ffffffff 00c09300 DPL=0 DS   [-WA]
GS =0010 00000000 ffffffff 00c09300 DPL=0 DS   [-WA]
LDT=0000 00000000 0000ffff 00008200 DPL=0 LDT
TR =0000 00000000 0000ffff 00008b00 DPL=0 TSS32-busy
GDT=     000f6280 00000037
IDT=     000f62be 00000000
CR0=00000011 CR2=00000000 CR3=00000000 CR4=00000000
DR0=00000000 DR1=00000000 DR2=00000000 DR3=00000000 
DR6=ffff0ff0 DR7=00000400
CCS=00000000 CCD=000069ce CCO=EFLAGS  
EFER=0000000000000000
SMM: after RSM
EAX=000000b5 EBX=00007c16 ECX=00005678 EDX=00000005
ESI=00000000 EDI=01fbedc5 EBP=000069e2 ESP=000069e2
EIP=00007c16 EFL=00000006 [-----P-] CPL=0 II=0 A20=1 SMM=0 HLT=0
ES =db80 000db800 ffffffff 00809300
CS =f000 000f0000 ffffffff 00809b00
SS =0000 00000000 ffffffff 00809300
DS =0000 00000000 ffffffff 00809300
FS =0000 00000000 ffffffff 00809300
GS =ca00 000ca000 ffffffff 00809300
LDT=0000 00000000 0000ffff 00008200
TR =0000 00000000 0000ffff 00008b00
GDT=     00000000 00000000
IDT=     00000000 000003ff
CR0=00000010 CR2=00000000 CR3=00000000 CR4=00000000
DR0=00000000 DR1=00000000 DR2=00000000 DR3=00000000 
DR6=ffff0ff0 DR7=00000400
CCS=00000004 CCD=00000001 CCO=EFLAGS  
EFER=0000000000000000
SMM: enter
EAX=000000b5 EBX=000f7bfc ECX=00001234 EDX=00006aff
ESI=00006a1c EDI=01fbedc5 EBP=000069dc ESP=000069dc
EIP=00007bfb EFL=00000002 [-------] CPL=0 II=0 A20=1 SMM=0 HLT=0
ES =db80 000db800 ffffffff 00809300
CS =f000 000f0000 ffffffff 00809b00
SS =0000 00000000 ffffffff 00809300
DS =0000 00000000 ffffffff 00809300
FS =0000 00000000 ffffffff 00809300
GS =ca00 000ca000 ffffffff 00809300
LDT=0000 00000000 0000ffff 00008200
TR =0000 00000000 0000ffff 00008b00
GDT=     00000000 00000000
IDT=     00000000 000003ff
CR0=00000010 CR2=00000000 CR3=00000000 CR4=00000000
DR0=00000000 DR1=00000000 DR2=00000000 DR3=00000000 
DR6=ffff0ff0 DR7=00000400
CCS=00000000 CCD=000069dc CCO=EFLAGS  
EFER=0000000000000000
SMM: after RSM
EAX=000000b5 EBX=000f7bfc ECX=00001234 EDX=00006aff
ESI=00006a1c EDI=01fbedc5 EBP=000069dc ESP=000069dc
EIP=000f7bfc EFL=00000002 [-------] CPL=0 II=0 A20=1 SMM=0 HLT=0
ES =0010 00000000 ffffffff 00c09300 DPL=0 DS   [-WA]
CS =0008 00000000 ffffffff 00c09b00 DPL=0 CS32 [-RA]
SS =0010 00000000 ffffffff 00c09300 DPL=0 DS   [-WA]
DS =0010 00000000 ffffffff 00c09300 DPL=0 DS   [-WA]
FS =0010 00000000 ffffffff 00c09300 DPL=0 DS   [-WA]
GS =0010 00000000 ffffffff 00c09300 DPL=0 DS   [-WA]
LDT=0000 00000000 0000ffff 00008200 DPL=0 LDT
TR =0000 00000000 0000ffff 00008b00 DPL=0 TSS32-busy
GDT=     000f6280 00000037
IDT=     000f62be 00000000
CR0=00000011 CR2=00000000 CR3=00000000 CR4=00000000
DR0=00000000 DR1=00000000 DR2=00000000 DR3=00000000 
DR6=ffff0ff0 DR7=00000400
CCS=00000000 CCD=00000000 CCO=EFLAGS  
EFER=0000000000000000
SMM: enter
EAX=000000b5 EBX=00007c16 ECX=00005678 EDX=00000003
ESI=01f8cb00 EDI=01fbedc5 EBP=000069dc ESP=000069dc
EIP=000f7c15 EFL=00000012 [----A--] CPL=0 II=0 A20=1 SMM=0 HLT=0
ES =0010 00000000 ffffffff 00c09300 DPL=0 DS   [-WA]
CS =0008 00000000 ffffffff 00c09b00 DPL=0 CS32 [-RA]
SS =0010 00000000 ffffffff 00c09300 DPL=0 DS   [-WA]
DS =0010 00000000 ffffffff 00c09300 DPL=0 DS   [-WA]
FS =0010 00000000 ffffffff 00c09300 DPL=0 DS   [-WA]
GS =0010 00000000 ffffffff 00c09300 DPL=0 DS   [-WA]
LDT=0000 00000000 0000ffff 00008200 DPL=0 LDT
TR =0000 00000000 0000ffff 00008b00 DPL=0 TSS32-busy
GDT=     000f6280 00000037
IDT=     000f62be 00000000
CR0=00000011 CR2=00000000 CR3=00000000 CR4=00000000
DR0=00000000 DR1=00000000 DR2=00000000 DR3=00000000 
DR6=ffff0ff0 DR7=00000400
CCS=00000010 CCD=000069c8 CCO=EFLAGS  
EFER=0000000000000000
SMM: after RSM
EAX=000000b5 EBX=00007c16 ECX=00005678 EDX=00000003
ESI=01f8cb00 EDI=01fbedc5 EBP=000069dc ESP=000069dc
EIP=00007c16 EFL=00000002 [-------] CPL=0 II=0 A20=1 SMM=0 HLT=0
ES =db80 000db800 ffffffff 00809300
CS =f000 000f0000 ffffffff 00809b00
SS =0000 00000000 ffffffff 00809300
DS =0000 00000000 ffffffff 00809300
FS =0000 00000000 ffffffff 00809300
GS =ca00 000ca000 ffffffff 00809300
LDT=0000 00000000 0000ffff 00008200
TR =0000 00000000 0000ffff 00008b00
GDT=     00000000 00000000
IDT=     00000000 000003ff
CR0=00000010 CR2=00000000 CR3=00000000 CR4=00000000
DR0=00000000 DR1=00000000 DR2=00000000 DR3=00000000 
DR6=ffff0ff0 DR7=00000400
CCS=00000000 CCD=00000001 CCO=EFLAGS  
EFER=0000000000000000
SMM: enter
EAX=000000b5 EBX=000f7bfc ECX=00001234 EDX=00006aff
ESI=00006a22 EDI=01fbedc5 EBP=000069e2 ESP=000069e2
EIP=00007bfb EFL=00000006 [-----P-] CPL=0 II=0 A20=1 SMM=0 HLT=0
ES =db80 000db800 ffffffff 00809300
CS =f000 000f0000 ffffffff 00809b00
SS =0000 00000000 ffffffff 00809300
DS =0000 00000000 ffffffff 00809300
FS =0000 00000000 ffffffff 00809300
GS =ca00 000ca000 ffffffff 00809300
LDT=0000 00000000 0000ffff 00008200
TR =0000 00000000 0000ffff 00008b00
GDT=     00000000 00000000
IDT=     00000000 000003ff
CR0=00000010 CR2=00000000 CR3=00000000 CR4=00000000
DR0=00000000 DR1=00000000 DR2=00000000 DR3=00000000 
DR6=ffff0ff0 DR7=00000400
CCS=00000004 CCD=000069e2 CCO=EFLAGS  
EFER=0000000000000000
SMM: after RSM
EAX=000000b5 EBX=000f7bfc ECX=00001234 EDX=00006aff
ESI=00006a22 EDI=01fbedc5 EBP=000069e2 ESP=000069e2
EIP=000f7bfc EFL=00000002 [-------] CPL=0 II=0 A20=1 SMM=0 HLT=0
ES =0010 00000000 ffffffff 00c09300 DPL=0 DS   [-WA]
CS =0008 00000000 ffffffff 00c09b00 DPL=0 CS32 [-RA]
SS =0010 00000000 ffffffff 00c09300 DPL=0 DS   [-WA]
DS =0010 00000000 ffffffff 00c09300 DPL=0 DS   [-WA]
FS =0010 00000000 ffffffff 00c09300 DPL=0 DS   [-WA]
GS =0010 00000000 ffffffff 00c09300 DPL=0 DS   [-WA]
LDT=0000 00000000 0000ffff 00008200 DPL=0 LDT
TR =0000 00000000 0000ffff 00008b00 DPL=0 TSS32-busy
GDT=     000f6280 00000037
IDT=     000f62be 00000000
CR0=00000011 CR2=00000000 CR3=00000000 CR4=00000000
DR0=00000000 DR1=00000000 DR2=00000000 DR3=00000000 
DR6=ffff0ff0 DR7=00000400
CCS=00000000 CCD=00000000 CCO=EFLAGS  
EFER=0000000000000000
SMM: enter
EAX=000000b5 EBX=00007c16 ECX=00005678 EDX=00000005
ESI=00000000 EDI=01fbedc5 EBP=000069e2 ESP=000069e2
EIP=000f7c15 EFL=00000002 [-------] CPL=0 II=0 A20=1 SMM=0 HLT=0
ES =0010 00000000 ffffffff 00c09300 DPL=0 DS   [-WA]
CS =0008 00000000 ffffffff 00c09b00 DPL=0 CS32 [-RA]
SS =0010 00000000 ffffffff 00c09300 DPL=0 DS   [-WA]
DS =0010 00000000 ffffffff 00c09300 DPL=0 DS   [-WA]
FS =0010 00000000 ffffffff 00c09300 DPL=0 DS   [-WA]
GS =0010 00000000 ffffffff 00c09300 DPL=0 DS   [-WA]
LDT=0000 00000000 0000ffff 00008200 DPL=0 LDT
TR =0000 00000000 0000ffff 00008b00 DPL=0 TSS32-busy
GDT=     000f6280 00000037
IDT=     000f62be 00000000
CR0=00000011 CR2=00000000 CR3=00000000 CR4=00000000
DR0=00000000 DR1=00000000 DR2=00000000 DR3=00000000 
DR6=ffff0ff0 DR7=00000400
CCS=00000000 CCD=000069ce CCO=EFLAGS  
EFER=0000000000000000
SMM: after RSM
EAX=000000b5 EBX=00007c16 ECX=00005678 EDX=00000005
ESI=00000000 EDI=01fbedc5 EBP=000069e2 ESP=000069e2
EIP=00007c16 EFL=00000006 [-----P-] CPL=0 II=0 A20=1 SMM=0 HLT=0
ES =db80 000db800 ffffffff 00809300
CS =f000 000f0000 ffffffff 00809b00
SS =0000 00000000 ffffffff 00809300
DS =0000 00000000 ffffffff 00809300
FS =0000 00000000 ffffffff 00809300
GS =ca00 000ca000 ffffffff 00809300
LDT=0000 00000000 0000ffff 00008200
TR =0000 00000000 0000ffff 00008b00
GDT=     00000000 00000000
IDT=     00000000 000003ff
CR0=00000010 CR2=00000000 CR3=00000000 CR4=00000000
DR0=00000000 DR1=00000000 DR2=00000000 DR3=00000000 
DR6=ffff0ff0 DR7=00000400
CCS=00000004 CCD=00000001 CCO=EFLAGS  
EFER=0000000000000000
SMM: enter
EAX=000000b5 EBX=000f7bfc ECX=00001234 EDX=00006aff
ESI=00006a1c EDI=01fbedc5 EBP=000069dc ESP=000069dc
EIP=00007bfb EFL=00000002 [-------] CPL=0 II=0 A20=1 SMM=0 HLT=0
ES =db80 000db800 ffffffff 00809300
CS =f000 000f0000 ffffffff 00809b00
SS =0000 00000000 ffffffff 00809300
DS =0000 00000000 ffffffff 00809300
FS =0000 00000000 ffffffff 00809300
GS =ca00 000ca000 ffffffff 00809300
LDT=0000 00000000 0000ffff 00008200
TR =0000 00000000 0000ffff 00008b00
GDT=     00000000 00000000
IDT=     00000000 000003ff
CR0=00000010 CR2=00000000 CR3=00000000 CR4=00000000
DR0=00000000 DR1=00000000 DR2=00000000 DR3=00000000 
DR6=ffff0ff0 DR7=00000400
CCS=00000000 CCD=000069dc CCO=EFLAGS  
EFER=0000000000000000
SMM: after RSM
EAX=000000b5 EBX=000f7bfc ECX=00001234 EDX=00006aff
ESI=00006a1c EDI=01fbedc5 EBP=000069dc ESP=000069dc
EIP=000f7bfc EFL=00000002 [-------] CPL=0 II=0 A20=1 SMM=0 HLT=0
ES =0010 00000000 ffffffff 00c09300 DPL=0 DS   [-WA]
CS =0008 00000000 ffffffff 00c09b00 DPL=0 CS32 [-RA]
SS =0010 00000000 ffffffff 00c09300 DPL=0 DS   [-WA]
DS =0010 00000000 ffffffff 00c09300 DPL=0 DS   [-WA]
FS =0010 00000000 ffffffff 00c09300 DPL=0 DS   [-WA]
GS =0010 00000000 ffffffff 00c09300 DPL=0 DS   [-WA]
LDT=0000 00000000 0000ffff 00008200 DPL=0 LDT
TR =0000 00000000 0000ffff 00008b00 DPL=0 TSS32-busy
GDT=     000f6280 00000037
IDT=     000f62be 00000000
CR0=00000011 CR2=00000000 CR3=00000000 CR4=00000000
DR0=00000000 DR1=00000000 DR2=00000000 DR3=00000000 
DR6=ffff0ff0 DR7=00000400
CCS=00000000 CCD=00000000 CCO=EFLAGS  
EFER=0000000000000000
SMM: enter
EAX=000000b5 EBX=00007c16 ECX=00005678 EDX=00000003
ESI=01eccb00 EDI=01fbedc5 EBP=000069dc ESP=000069dc
EIP=000f7c15 EFL=00000012 [----A--] CPL=0 II=0 A20=1 SMM=0 HLT=0
ES =0010 00000000 ffffffff 00c09300 DPL=0 DS   [-WA]
CS =0008 00000000 ffffffff 00c09b00 DPL=0 CS32 [-RA]
SS =0010 00000000 ffffffff 00c09300 DPL=0 DS   [-WA]
DS =0010 00000000 ffffffff 00c09300 DPL=0 DS   [-WA]
FS =0010 00000000 ffffffff 00c09300 DPL=0 DS   [-WA]
GS =0010 00000000 ffffffff 00c09300 DPL=0 DS   [-WA]
LDT=0000 00000000 0000ffff 00008200 DPL=0 LDT
TR =0000 00000000 0000ffff 00008b00 DPL=0 TSS32-busy
GDT=     000f6280 00000037
IDT=     000f62be 00000000
CR0=00000011 CR2=00000000 CR3=00000000 CR4=00000000
DR0=00000000 DR1=00000000 DR2=00000000 DR3=00000000 
DR6=ffff0ff0 DR7=00000400
CCS=00000010 CCD=000069c8 CCO=EFLAGS  
EFER=0000000000000000
SMM: after RSM
EAX=000000b5 EBX=00007c16 ECX=00005678 EDX=00000003
ESI=01eccb00 EDI=01fbedc5 EBP=000069dc ESP=000069dc
EIP=00007c16 EFL=00000002 [-------] CPL=0 II=0 A20=1 SMM=0 HLT=0
ES =db80 000db800 ffffffff 00809300
CS =f000 000f0000 ffffffff 00809b00
SS =0000 00000000 ffffffff 00809300
DS =0000 00000000 ffffffff 00809300
FS =0000 00000000 ffffffff 00809300
GS =ca00 000ca000 ffffffff 00809300
LDT=0000 00000000 0000ffff 00008200
TR =0000 00000000 0000ffff 00008b00
GDT=     00000000 00000000
IDT=     00000000 000003ff
CR0=00000010 CR2=00000000 CR3=00000000 CR4=00000000
DR0=00000000 DR1=00000000 DR2=00000000 DR3=00000000 
DR6=ffff0ff0 DR7=00000400
CCS=00000000 CCD=00000001 CCO=EFLAGS  
EFER=0000000000000000
Invalid access at addr 0x2000000, size 4, region '(null)', reason: rejected
Invalid access at addr 0x2000000, size 4, region '(null)', reason: rejected
Invalid access at addr 0x2000000, size 4, region '(null)', reason: rejected
Invalid access at addr 0x2000000, size 4, region '(null)', reason: rejected
